[0.286s] Invoking command in '/home/rechner1/sophies_wohnzimmer/startup/my_tf_rtabmap_launch': PYTHONPATH=/home/rechner1/sophies_wohnzimmer/startup/my_tf_rtabmap_launch/build/my_tf_rtabmap_launch/prefix_override:/usr/lib/python3/dist-packages/colcon_core/task/python/colcon_distutils_commands:/home/rechner1/sophies_wohnzimmer/startup/my_tf_rtabmap_launch/install/lib/python3.10/site-packages:${PYTHONPATH} /usr/bin/python3 -W ignore:setup.py install is deprecated -W ignore:easy_install command is deprecated setup.py egg_info --egg-base build/my_tf_rtabmap_launch build --build-base /home/rechner1/sophies_wohnzimmer/startup/my_tf_rtabmap_launch/build/my_tf_rtabmap_launch/build install --record /home/rechner1/sophies_wohnzimmer/startup/my_tf_rtabmap_launch/build/my_tf_rtabmap_launch/install.log --single-version-externally-managed install_data
[0.367s] running egg_info
[0.367s] creating build/my_tf_rtabmap_launch/my_tf_rtabmap_launch.egg-info
[0.367s] writing build/my_tf_rtabmap_launch/my_tf_rtabmap_launch.egg-info/PKG-INFO
[0.367s] writing dependency_links to build/my_tf_rtabmap_launch/my_tf_rtabmap_launch.egg-info/dependency_links.txt
[0.367s] writing entry points to build/my_tf_rtabmap_launch/my_tf_rtabmap_launch.egg-info/entry_points.txt
[0.367s] writing requirements to build/my_tf_rtabmap_launch/my_tf_rtabmap_launch.egg-info/requires.txt
[0.367s] writing top-level names to build/my_tf_rtabmap_launch/my_tf_rtabmap_launch.egg-info/top_level.txt
[0.367s] writing manifest file 'build/my_tf_rtabmap_launch/my_tf_rtabmap_launch.egg-info/SOURCES.txt'
[0.368s] reading manifest file 'build/my_tf_rtabmap_launch/my_tf_rtabmap_launch.egg-info/SOURCES.txt'
[0.368s] writing manifest file 'build/my_tf_rtabmap_launch/my_tf_rtabmap_launch.egg-info/SOURCES.txt'
[0.368s] running build
[0.368s] running build_py
[0.368s] creating /home/rechner1/sophies_wohnzimmer/startup/my_tf_rtabmap_launch/build/my_tf_rtabmap_launch/build
[0.368s] creating /home/rechner1/sophies_wohnzimmer/startup/my_tf_rtabmap_launch/build/my_tf_rtabmap_launch/build/lib
[0.368s] creating /home/rechner1/sophies_wohnzimmer/startup/my_tf_rtabmap_launch/build/my_tf_rtabmap_launch/build/lib/my_tf_rtabmap_launch
[0.368s] copying my_tf_rtabmap_launch/__init__.py -> /home/rechner1/sophies_wohnzimmer/startup/my_tf_rtabmap_launch/build/my_tf_rtabmap_launch/build/lib/my_tf_rtabmap_launch
[0.368s] running install
[0.368s] running install_lib
[0.369s] creating /home/rechner1/sophies_wohnzimmer/startup/my_tf_rtabmap_launch/install/lib/python3.10/site-packages/my_tf_rtabmap_launch
[0.369s] copying /home/rechner1/sophies_wohnzimmer/startup/my_tf_rtabmap_launch/build/my_tf_rtabmap_launch/build/lib/my_tf_rtabmap_launch/__init__.py -> /home/rechner1/sophies_wohnzimmer/startup/my_tf_rtabmap_launch/install/lib/python3.10/site-packages/my_tf_rtabmap_launch
[0.369s] byte-compiling /home/rechner1/sophies_wohnzimmer/startup/my_tf_rtabmap_launch/install/lib/python3.10/site-packages/my_tf_rtabmap_launch/__init__.py to __init__.cpython-310.pyc
[0.369s] running install_data
[0.369s] creating /home/rechner1/sophies_wohnzimmer/startup/my_tf_rtabmap_launch/install/share/my_tf_rtabmap_launch/launch
[0.369s] copying launch/start_with_tf.launch.py -> /home/rechner1/sophies_wohnzimmer/startup/my_tf_rtabmap_launch/install/share/my_tf_rtabmap_launch/launch
[0.369s] creating /home/rechner1/sophies_wohnzimmer/startup/my_tf_rtabmap_launch/install/share/my_tf_rtabmap_launch/config
[0.369s] copying config/tf_transforms.yaml -> /home/rechner1/sophies_wohnzimmer/startup/my_tf_rtabmap_launch/install/share/my_tf_rtabmap_launch/config
[0.369s] copying package.xml -> /home/rechner1/sophies_wohnzimmer/startup/my_tf_rtabmap_launch/install/share/my_tf_rtabmap_launch
[0.369s] running install_egg_info
[0.370s] Copying build/my_tf_rtabmap_launch/my_tf_rtabmap_launch.egg-info to /home/rechner1/sophies_wohnzimmer/startup/my_tf_rtabmap_launch/install/lib/python3.10/site-packages/my_tf_rtabmap_launch-0.0.0-py3.10.egg-info
[0.370s] running install_scripts
[0.378s] writing list of installed files to '/home/rechner1/sophies_wohnzimmer/startup/my_tf_rtabmap_launch/build/my_tf_rtabmap_launch/install.log'
[0.388s] Invoked command in '/home/rechner1/sophies_wohnzimmer/startup/my_tf_rtabmap_launch' returned '0': PYTHONPATH=/home/rechner1/sophies_wohnzimmer/startup/my_tf_rtabmap_launch/build/my_tf_rtabmap_launch/prefix_override:/usr/lib/python3/dist-packages/colcon_core/task/python/colcon_distutils_commands:/home/rechner1/sophies_wohnzimmer/startup/my_tf_rtabmap_launch/install/lib/python3.10/site-packages:${PYTHONPATH} /usr/bin/python3 -W ignore:setup.py install is deprecated -W ignore:easy_install command is deprecated setup.py egg_info --egg-base build/my_tf_rtabmap_launch build --build-base /home/rechner1/sophies_wohnzimmer/startup/my_tf_rtabmap_launch/build/my_tf_rtabmap_launch/build install --record /home/rechner1/sophies_wohnzimmer/startup/my_tf_rtabmap_launch/build/my_tf_rtabmap_launch/install.log --single-version-externally-managed install_data
