[0.216s] Invoking command in '/home/rechner1/sophies_wohnzimmer/startup/my_tf_rtabmap_launch': PYTHONPATH=/home/rechner1/sophies_wohnzimmer/startup/my_tf_rtabmap_launch/build/my_tf_rtabmap_launch/prefix_override:/usr/lib/python3/dist-packages/colcon_core/task/python/colcon_distutils_commands:/home/rechner1/sophies_wohnzimmer/startup/my_tf_rtabmap_launch/install/lib/python3.10/site-packages:${PYTHONPATH} /usr/bin/python3 -W ignore:setup.py install is deprecated -W ignore:easy_install command is deprecated setup.py egg_info --egg-base build/my_tf_rtabmap_launch build --build-base /home/rechner1/sophies_wohnzimmer/startup/my_tf_rtabmap_launch/build/my_tf_rtabmap_launch/build install --record /home/rechner1/sophies_wohnzimmer/startup/my_tf_rtabmap_launch/build/my_tf_rtabmap_launch/install.log --single-version-externally-managed install_data
[0.296s] running egg_info
[0.296s] writing build/my_tf_rtabmap_launch/my_tf_rtabmap_launch.egg-info/PKG-INFO
[0.296s] writing dependency_links to build/my_tf_rtabmap_launch/my_tf_rtabmap_launch.egg-info/dependency_links.txt
[0.296s] writing entry points to build/my_tf_rtabmap_launch/my_tf_rtabmap_launch.egg-info/entry_points.txt
[0.297s] writing requirements to build/my_tf_rtabmap_launch/my_tf_rtabmap_launch.egg-info/requires.txt
[0.297s] writing top-level names to build/my_tf_rtabmap_launch/my_tf_rtabmap_launch.egg-info/top_level.txt
[0.297s] reading manifest file 'build/my_tf_rtabmap_launch/my_tf_rtabmap_launch.egg-info/SOURCES.txt'
[0.297s] writing manifest file 'build/my_tf_rtabmap_launch/my_tf_rtabmap_launch.egg-info/SOURCES.txt'
[0.297s] running build
[0.297s] running build_py
[0.298s] running install
[0.298s] running install_lib
[0.298s] running install_data
[0.298s] copying launch/start_with_tf.launch.py -> /home/rechner1/sophies_wohnzimmer/startup/my_tf_rtabmap_launch/install/share/my_tf_rtabmap_launch/launch
[0.298s] running install_egg_info
[0.299s] removing '/home/rechner1/sophies_wohnzimmer/startup/my_tf_rtabmap_launch/install/lib/python3.10/site-packages/my_tf_rtabmap_launch-0.0.0-py3.10.egg-info' (and everything under it)
[0.299s] Copying build/my_tf_rtabmap_launch/my_tf_rtabmap_launch.egg-info to /home/rechner1/sophies_wohnzimmer/startup/my_tf_rtabmap_launch/install/lib/python3.10/site-packages/my_tf_rtabmap_launch-0.0.0-py3.10.egg-info
[0.299s] running install_scripts
[0.307s] writing list of installed files to '/home/rechner1/sophies_wohnzimmer/startup/my_tf_rtabmap_launch/build/my_tf_rtabmap_launch/install.log'
[0.316s] Invoked command in '/home/rechner1/sophies_wohnzimmer/startup/my_tf_rtabmap_launch' returned '0': PYTHONPATH=/home/rechner1/sophies_wohnzimmer/startup/my_tf_rtabmap_launch/build/my_tf_rtabmap_launch/prefix_override:/usr/lib/python3/dist-packages/colcon_core/task/python/colcon_distutils_commands:/home/rechner1/sophies_wohnzimmer/startup/my_tf_rtabmap_launch/install/lib/python3.10/site-packages:${PYTHONPATH} /usr/bin/python3 -W ignore:setup.py install is deprecated -W ignore:easy_install command is deprecated setup.py egg_info --egg-base build/my_tf_rtabmap_launch build --build-base /home/rechner1/sophies_wohnzimmer/startup/my_tf_rtabmap_launch/build/my_tf_rtabmap_launch/build install --record /home/rechner1/sophies_wohnzimmer/startup/my_tf_rtabmap_launch/build/my_tf_rtabmap_launch/install.log --single-version-externally-managed install_data
