running egg_info
creating ../build/my_tf_rtabmap_launch/my_tf_rtabmap_launch.egg-info
writing ../build/my_tf_rtabmap_launch/my_tf_rtabmap_launch.egg-info/PKG-INFO
writing dependency_links to ../build/my_tf_rtabmap_launch/my_tf_rtabmap_launch.egg-info/dependency_links.txt
writing entry points to ../build/my_tf_rtabmap_launch/my_tf_rtabmap_launch.egg-info/entry_points.txt
writing requirements to ../build/my_tf_rtabmap_launch/my_tf_rtabmap_launch.egg-info/requires.txt
writing top-level names to ../build/my_tf_rtabmap_launch/my_tf_rtabmap_launch.egg-info/top_level.txt
writing manifest file '../build/my_tf_rtabmap_launch/my_tf_rtabmap_launch.egg-info/SOURCES.txt'
reading manifest file '../build/my_tf_rtabmap_launch/my_tf_rtabmap_launch.egg-info/SOURCES.txt'
writing manifest file '../build/my_tf_rtabmap_launch/my_tf_rtabmap_launch.egg-info/SOURCES.txt'
running build
running build_py
creating /home/rechner1/noahs_wohnzimmer/src/startup/build/my_tf_rtabmap_launch/build
creating /home/rechner1/noahs_wohnzimmer/src/startup/build/my_tf_rtabmap_launch/build/lib
creating /home/rechner1/noahs_wohnzimmer/src/startup/build/my_tf_rtabmap_launch/build/lib/my_tf_rtabmap_launch
copying my_tf_rtabmap_launch/__init__.py -> /home/rechner1/noahs_wohnzimmer/src/startup/build/my_tf_rtabmap_launch/build/lib/my_tf_rtabmap_launch
running install
running install_lib
creating /home/rechner1/noahs_wohnzimmer/src/startup/install/lib/python3.10/site-packages/my_tf_rtabmap_launch
copying /home/rechner1/noahs_wohnzimmer/src/startup/build/my_tf_rtabmap_launch/build/lib/my_tf_rtabmap_launch/__init__.py -> /home/rechner1/noahs_wohnzimmer/src/startup/install/lib/python3.10/site-packages/my_tf_rtabmap_launch
byte-compiling /home/rechner1/noahs_wohnzimmer/src/startup/install/lib/python3.10/site-packages/my_tf_rtabmap_launch/__init__.py to __init__.cpython-310.pyc
running install_data
creating /home/rechner1/noahs_wohnzimmer/src/startup/install/share/my_tf_rtabmap_launch/launch
copying launch/start_with_tf.launch.py -> /home/rechner1/noahs_wohnzimmer/src/startup/install/share/my_tf_rtabmap_launch/launch
creating /home/rechner1/noahs_wohnzimmer/src/startup/install/share/my_tf_rtabmap_launch/config
copying config/tf_transforms.yaml -> /home/rechner1/noahs_wohnzimmer/src/startup/install/share/my_tf_rtabmap_launch/config
copying package.xml -> /home/rechner1/noahs_wohnzimmer/src/startup/install/share/my_tf_rtabmap_launch
running install_egg_info
Copying ../build/my_tf_rtabmap_launch/my_tf_rtabmap_launch.egg-info to /home/rechner1/noahs_wohnzimmer/src/startup/install/lib/python3.10/site-packages/my_tf_rtabmap_launch-0.0.0-py3.10.egg-info
running install_scripts
writing list of installed files to '/home/rechner1/noahs_wohnzimmer/src/startup/build/my_tf_rtabmap_launch/install.log'
