[0.229s] Invoking command in '/home/rechner1/noahs_wohnzimmer/src/startup/my_tf_rtabmap_launch': PYTHONPATH=/home/rechner1/noahs_wohnzimmer/src/startup/build/my_tf_rtabmap_launch/prefix_override:/usr/lib/python3/dist-packages/colcon_core/task/python/colcon_distutils_commands:/home/rechner1/noahs_wohnzimmer/src/startup/install/lib/python3.10/site-packages:${PYTHONPATH} /usr/bin/python3 -W ignore:setup.py install is deprecated -W ignore:easy_install command is deprecated setup.py egg_info --egg-base ../build/my_tf_rtabmap_launch build --build-base /home/rechner1/noahs_wohnzimmer/src/startup/build/my_tf_rtabmap_launch/build install --record /home/rechner1/noahs_wohnzimmer/src/startup/build/my_tf_rtabmap_launch/install.log --single-version-externally-managed install_data
[0.308s] running egg_info
[0.309s] creating ../build/my_tf_rtabmap_launch/my_tf_rtabmap_launch.egg-info
[0.309s] writing ../build/my_tf_rtabmap_launch/my_tf_rtabmap_launch.egg-info/PKG-INFO
[0.309s] writing dependency_links to ../build/my_tf_rtabmap_launch/my_tf_rtabmap_launch.egg-info/dependency_links.txt
[0.309s] writing entry points to ../build/my_tf_rtabmap_launch/my_tf_rtabmap_launch.egg-info/entry_points.txt
[0.309s] writing requirements to ../build/my_tf_rtabmap_launch/my_tf_rtabmap_launch.egg-info/requires.txt
[0.309s] writing top-level names to ../build/my_tf_rtabmap_launch/my_tf_rtabmap_launch.egg-info/top_level.txt
[0.309s] writing manifest file '../build/my_tf_rtabmap_launch/my_tf_rtabmap_launch.egg-info/SOURCES.txt'
[0.309s] reading manifest file '../build/my_tf_rtabmap_launch/my_tf_rtabmap_launch.egg-info/SOURCES.txt'
[0.310s] writing manifest file '../build/my_tf_rtabmap_launch/my_tf_rtabmap_launch.egg-info/SOURCES.txt'
[0.310s] running build
[0.310s] running build_py
[0.310s] creating /home/rechner1/noahs_wohnzimmer/src/startup/build/my_tf_rtabmap_launch/build
[0.310s] creating /home/rechner1/noahs_wohnzimmer/src/startup/build/my_tf_rtabmap_launch/build/lib
[0.310s] creating /home/rechner1/noahs_wohnzimmer/src/startup/build/my_tf_rtabmap_launch/build/lib/my_tf_rtabmap_launch
[0.310s] copying my_tf_rtabmap_launch/__init__.py -> /home/rechner1/noahs_wohnzimmer/src/startup/build/my_tf_rtabmap_launch/build/lib/my_tf_rtabmap_launch
[0.310s] running install
[0.310s] running install_lib
[0.310s] creating /home/rechner1/noahs_wohnzimmer/src/startup/install/lib/python3.10/site-packages/my_tf_rtabmap_launch
[0.310s] copying /home/rechner1/noahs_wohnzimmer/src/startup/build/my_tf_rtabmap_launch/build/lib/my_tf_rtabmap_launch/__init__.py -> /home/rechner1/noahs_wohnzimmer/src/startup/install/lib/python3.10/site-packages/my_tf_rtabmap_launch
[0.310s] byte-compiling /home/rechner1/noahs_wohnzimmer/src/startup/install/lib/python3.10/site-packages/my_tf_rtabmap_launch/__init__.py to __init__.cpython-310.pyc
[0.311s] running install_data
[0.311s] creating /home/rechner1/noahs_wohnzimmer/src/startup/install/share/my_tf_rtabmap_launch/launch
[0.311s] copying launch/start_with_tf.launch.py -> /home/rechner1/noahs_wohnzimmer/src/startup/install/share/my_tf_rtabmap_launch/launch
[0.311s] creating /home/rechner1/noahs_wohnzimmer/src/startup/install/share/my_tf_rtabmap_launch/config
[0.311s] copying config/tf_transforms.yaml -> /home/rechner1/noahs_wohnzimmer/src/startup/install/share/my_tf_rtabmap_launch/config
[0.311s] copying package.xml -> /home/rechner1/noahs_wohnzimmer/src/startup/install/share/my_tf_rtabmap_launch
[0.311s] running install_egg_info
[0.311s] Copying ../build/my_tf_rtabmap_launch/my_tf_rtabmap_launch.egg-info to /home/rechner1/noahs_wohnzimmer/src/startup/install/lib/python3.10/site-packages/my_tf_rtabmap_launch-0.0.0-py3.10.egg-info
[0.312s] running install_scripts
[0.319s] writing list of installed files to '/home/rechner1/noahs_wohnzimmer/src/startup/build/my_tf_rtabmap_launch/install.log'
[0.327s] Invoked command in '/home/rechner1/noahs_wohnzimmer/src/startup/my_tf_rtabmap_launch' returned '0': PYTHONPATH=/home/rechner1/noahs_wohnzimmer/src/startup/build/my_tf_rtabmap_launch/prefix_override:/usr/lib/python3/dist-packages/colcon_core/task/python/colcon_distutils_commands:/home/rechner1/noahs_wohnzimmer/src/startup/install/lib/python3.10/site-packages:${PYTHONPATH} /usr/bin/python3 -W ignore:setup.py install is deprecated -W ignore:easy_install command is deprecated setup.py egg_info --egg-base ../build/my_tf_rtabmap_launch build --build-base /home/rechner1/noahs_wohnzimmer/src/startup/build/my_tf_rtabmap_launch/build install --record /home/rechner1/noahs_wohnzimmer/src/startup/build/my_tf_rtabmap_launch/install.log --single-version-externally-managed install_data
